<?xml version="1.0" encoding="UTF-8"?>
<!-- Generated by org.testng.reporters.JUnitReportReporter -->
<testsuite hostname="Chukki_Laptop" failures="0" tests="1" name="com.one.Main.Book2" time="92.089" errors="0" timestamp="2023-12-12T13:47:23 IST" skipped="0">
  <testcase classname="com.one.Main.Book2" name="book" time="92.089"/>
</testsuite> <!-- com.one.Main.Book2 -->
