<?xml version="1.0" encoding="UTF-8"?>
<!-- Generated by org.testng.reporters.JUnitReportReporter -->
<testsuite hostname="Chukki_Laptop" failures="0" tests="1" name="com.one.Main.BookRound" time="76.256" errors="0" timestamp="2023-11-30T20:21:39 IST" skipped="0">
  <testcase classname="com.one.Main.BookRound" name="bookRound" time="76.256"/>
</testsuite> <!-- com.one.Main.BookRound -->
