<?xml version="1.0" encoding="UTF-8"?>
<!-- Generated by org.testng.reporters.JUnitReportReporter -->
<testsuite hostname="Chukki_Laptop" failures="0" tests="1" name="com.one.Main.Book" time="55.089" errors="0" timestamp="2023-11-30T14:28:12 IST" skipped="0">
  <testcase classname="com.one.Main.Book" name="book" time="55.089"/>
</testsuite> <!-- com.one.Main.Book -->
