<?xml version="1.0" encoding="UTF-8"?>
<!-- Generated by org.testng.reporters.JUnitReportReporter -->
<testsuite hostname="Chukki_Laptop" failures="0" tests="1" name="sagar.EaseMyTrip" time="30.325" errors="0" timestamp="2023-12-10T21:34:46 IST" skipped="0">
  <testcase classname="sagar.EaseMyTrip" name="EaseMyTripPage" time="30.325"/>
</testsuite> <!-- sagar.EaseMyTrip -->
