<?xml version="1.0" encoding="UTF-8"?>
<!-- Generated by org.testng.reporters.JUnitReportReporter -->
<testsuite hostname="Chukki_Laptop" failures="0" tests="1" name="com.one.pom.trial" time="12.749" errors="0" timestamp="2023-12-05T12:55:34 IST" skipped="0">
  <testcase classname="com.one.pom.trial" name="book" time="12.749"/>
</testsuite> <!-- com.one.pom.trial -->
