<?xml version="1.0" encoding="UTF-8"?>
<!-- Generated by org.testng.reporters.JUnitReportReporter -->
<testsuite hostname="Chukki_Laptop" failures="0" tests="1" name="com.one.pom2.AskEva" time="13.848" errors="0" timestamp="2023-12-03T19:41:22 IST" skipped="0">
  <testcase classname="com.one.pom2.AskEva" name="Social" time="13.848"/>
</testsuite> <!-- com.one.pom2.AskEva -->
