<?xml version="1.0" encoding="UTF-8"?>
<!-- Generated by org.testng.reporters.JUnitReportReporter -->
<testsuite hostname="Chukki_Laptop" failures="0" tests="1" name="com.one.pom2.SocialMedia" time="31.595" errors="0" timestamp="2023-12-02T23:59:28 IST" skipped="0">
  <testcase classname="com.one.pom2.SocialMedia" name="Social" time="31.595"/>
</testsuite> <!-- com.one.pom2.SocialMedia -->
