<?xml version="1.0" encoding="UTF-8"?>
<!-- Generated by org.testng.reporters.JUnitReportReporter -->
<testsuite hostname="Chukki_Laptop" failures="0" tests="1" name="com.one.pom2.Payment" time="32.709" errors="0" timestamp="2023-12-05T13:18:01 IST" skipped="0">
  <testcase classname="com.one.pom2.Payment" name="Paymentbook" time="32.709"/>
</testsuite> <!-- com.one.pom2.Payment -->
